<?xml version="1.0" encoding="UTF-8"?>
<!-- Generated by org.testng.reporters.JUnitReportReporter -->
<testsuite hostname="LAPTOP-5SVHM63M" failures="0" tests="3" name="runner.TestRunner" time="18.312" errors="0" timestamp="2024-03-19T22:51:49 EDT" skipped="0">
  <testcase classname="runner.TestRunner" name="runScenario" time="5.901"/>
  <testcase classname="runner.TestRunner" name="runScenario" time="5.669"/>
  <testcase classname="runner.TestRunner" name="runScenario" time="6.742"/>
</testsuite> <!-- runner.TestRunner -->
