<?xml version="1.0" encoding="UTF-8"?>
<!-- Generated by org.testng.reporters.JUnitReportReporter -->
<testsuite hostname="LAPTOP-5SVHM63M" failures="0" tests="3" name="cucmberOptions.TestRunner" time="39.120" errors="0" timestamp="2024-03-12T13:02:03 EDT" skipped="0">
  <testcase classname="cucmberOptions.TestRunner" name="runScenario" time="5.172"/>
  <testcase classname="cucmberOptions.TestRunner" name="runScenario" time="26.487"/>
  <testcase classname="cucmberOptions.TestRunner" name="runScenario" time="7.461"/>
</testsuite> <!-- cucmberOptions.TestRunner -->
